<?xml version="1.0" encoding="UTF-8"?>
<testng-results ignored="0" total="1" passed="1" failed="0" skipped="0">
  <reporter-output>
  </reporter-output>
  <suite started-at="2022-08-04T07:39:30 CDT" name="Default suite" finished-at="2022-08-04T07:39:33 CDT" duration-ms="2970">
    <groups>
    </groups>
    <test started-at="2022-08-04T07:39:30 CDT" name="Default test" finished-at="2022-08-04T07:39:33 CDT" duration-ms="2970">
      <class name="frameworkTechLead.Framework">
        <test-method signature="init()[pri:0, instance:frameworkTechLead.Framework@3a6bb9bf]" started-at="2022-08-04T07:39:30 CDT" name="init" finished-at="2022-08-04T07:39:33 CDT" duration-ms="2939" status="PASS">
          <reporter-output>
          </reporter-output>
        </test-method> <!-- init -->
      </class> <!-- frameworkTechLead.Framework -->
    </test> <!-- Default test -->
  </suite> <!-- Default suite -->
</testng-results>
